<?xml version="1.0" encoding="UTF-8"?>
<!-- Generated by org.testng.reporters.JUnitReportReporter -->
<testsuite hostname="LAPTOP-RF4MER48" failures="0" tests="1" name="qafoxtestcases.Login" time="9.167" errors="0" timestamp="2024-05-26T21:55:26 IST" skipped="0">
  <testcase classname="qafoxtestcases.Login" name="login" time="9.167"/>
  <system-out/>
</testsuite> <!-- qafoxtestcases.Login -->
